#
# A fatal error has been detected by the Java Runtime Environment:
#
#  EXCEPTION_ACCESS_VIOLATION (0xc0000005) at pc=0x00007ffea0371098, pid=5124, tid=0x0000000000003940
#
# JRE version: Java(TM) SE Runtime Environment (8.0_131-b11) (build 1.8.0_131-b11)
# Java VM: Java HotSpot(TM) 64-Bit Server VM (25.131-b11 mixed mode windows-amd64 compressed oops)
# Problematic frame:
# C  [ig9icd64.dll+0x501098]
#
# Failed to write core dump. Minidumps are not enabled by default on client versions of Windows
#
# If you would like to submit a bug report, please visit:
#   http://bugreport.java.com/bugreport/crash.jsp
# The crash happened outside the Java Virtual Machine in native code.
# See problematic frame for where to report the bug.
#

---------------  T H R E A D  ---------------

Current thread (0x0000000019e0d000):  JavaThread "LWJGL Application" [_thread_in_native, id=14656, stack(0x000000001a850000,0x000000001a950000)]

siginfo: ExceptionCode=0xc0000005, writing address 0x000000001c780084

Registers:
RAX=0x00007ffea0c60890, RBX=0x0000000000000000, RCX=0x00000000780800ff, RDX=0x0000000000000034
RSP=0x000000001a94d110, RBP=0x000000001a94d210, RSI=0x0000000000008000, RDI=0x000000001c640080
R8 =0x000000001c780084, R9 =0x00007ffe9fe70000, R10=0x0000000000000003, R11=0x00000000250d9cd0
R12=0x00000000ffffffff, R13=0x00000000ffffffff, R14=0x000000001c6ec920, R15=0x0000000000000000
RIP=0x00007ffea0371098, EFLAGS=0x0000000000010202

Top of Stack: (sp=0x000000001a94d110)
0x000000001a94d110:   0000000000000008 000000001a94d210
0x000000001a94d120:   0000000025bb9e60 0000000000000000
0x000000001a94d130:   0000000000000000 0000000000000000
0x000000001a94d140:   0000000000000000 0000000000000000
0x000000001a94d150:   0000000800000000 0000000000000014
0x000000001a94d160:   0000000300000000 0000000300000000
0x000000001a94d170:   0000000000000003 0000000100000003
0x000000001a94d180:   0000000000000001 0000000300000004
0x000000001a94d190:   0000000024f72148 0000000000000000
0x000000001a94d1a0:   0000000000000020 0000000000000000
0x000000001a94d1b0:   0000000000000003 0000000000000000
0x000000001a94d1c0:   0000000800000000 000000001c66aa30
0x000000001a94d1d0:   000000001a94d520 000000001c6fb2d0
0x000000001a94d1e0:   00000000ffffffff 000000000000082d
0x000000001a94d1f0:   0000000000000000 000000001c6ec920
0x000000001a94d200:   000000001a94d400 000000001c6fb2e4 

Instructions: (pc=0x00007ffea0371098)
0x00007ffea0371078:   54 45 85 d2 0f 84 2c 01 00 00 41 8b d2 c1 e2 04
0x00007ffea0371088:   83 c2 04 48 8b 05 1e d9 8b 00 8b 08 4c 8b 45 20
0x00007ffea0371098:   41 89 08 8b c2 c1 e8 02 2c 02 41 88 00 48 8b 87
0x00007ffea03710a8:   d0 44 03 00 01 50 10 41 8b f7 41 bf 08 00 00 00 


Register to memory mapping:

RAX=0x00007ffea0c60890 is an unknown value
RBX=0x0000000000000000 is an unknown value
RCX=0x00000000780800ff is an unknown value
RDX=0x0000000000000034 is an unknown value
RSP=0x000000001a94d110 is pointing into the stack for thread: 0x0000000019e0d000
RBP=0x000000001a94d210 is pointing into the stack for thread: 0x0000000019e0d000
RSI=0x0000000000008000 is an unknown value
RDI=0x000000001c640080 is an unknown value
R8 =0x000000001c780084 is an unknown value
R9 =0x00007ffe9fe70000 is an unknown value
R10=0x0000000000000003 is an unknown value
R11=0x00000000250d9cd0 is an unknown value
R12=0x00000000ffffffff is an unallocated location in the heap
R13=0x00000000ffffffff is an unallocated location in the heap
R14=0x000000001c6ec920 is an unknown value
R15=0x0000000000000000 is an unknown value


Stack: [0x000000001a850000,0x000000001a950000],  sp=0x000000001a94d110,  free space=1012k
Native frames: (J=compiled Java code, j=interpreted, Vv=VM code, C=native code)
C  [ig9icd64.dll+0x501098]
C  [ig9icd64.dll+0x559b54]
C  [ig9icd64.dll+0x15bd04]
C  [ig9icd64.dll+0x504e2f]
C  [ig9icd64.dll+0x501bb0]
C  [ig9icd64.dll+0x39de65]
C  [ig9icd64.dll+0x20bae7]
C  [ig9icd64.dll+0x3a2cf5]
C  [ig9icd64.dll+0x93b610]
C  0x0000000002fd1f5c

Java frames: (J=compiled Java code, j=interpreted, Vv=VM code)
J 572  org.lwjgl.opengl.GL11.nglDrawElements(IIIJJ)V (0 bytes) @ 0x0000000002fd1ed6 [0x0000000002fd1e80+0x56]
J 670 C2 com.badlogic.gdx.graphics.g2d.SpriteBatch.draw(Lcom/badlogic/gdx/graphics/Texture;FFFF)V (284 bytes) @ 0x00000000030208fc [0x0000000003020360+0x59c]
J 612 C2 com.limewire.game.Game.render()V (416 bytes) @ 0x0000000002ff35b4 [0x0000000002ff2e00+0x7b4]
j  com.badlogic.gdx.backends.lwjgl.LwjglApplication.mainLoop()V+684
j  com.badlogic.gdx.backends.lwjgl.LwjglApplication$1.run()V+27
v  ~StubRoutines::call_stub

---------------  P R O C E S S  ---------------

Java Threads: ( => current thread )
  0x0000000019e85800 JavaThread "LWJGL Timer" daemon [_thread_blocked, id=11288, stack(0x000000002a140000,0x000000002a240000)]
  0x0000000002c43800 JavaThread "DestroyJavaVM" [_thread_blocked, id=17056, stack(0x0000000002a40000,0x0000000002b40000)]
=>0x0000000019e0d000 JavaThread "LWJGL Application" [_thread_in_native, id=14656, stack(0x000000001a850000,0x000000001a950000)]
  0x0000000018ec0800 JavaThread "Service Thread" daemon [_thread_blocked, id=15080, stack(0x0000000019710000,0x0000000019810000)]
  0x0000000018e66800 JavaThread "C1 CompilerThread2" daemon [_thread_blocked, id=11828, stack(0x0000000019610000,0x0000000019710000)]
  0x0000000018dfe800 JavaThread "C2 CompilerThread1" daemon [_thread_blocked, id=15588, stack(0x0000000019510000,0x0000000019610000)]
  0x0000000018dfb000 JavaThread "C2 CompilerThread0" daemon [_thread_blocked, id=2584, stack(0x0000000019410000,0x0000000019510000)]
  0x0000000018df8800 JavaThread "Monitor Ctrl-Break" daemon [_thread_in_native, id=1624, stack(0x0000000019310000,0x0000000019410000)]
  0x00000000178cf800 JavaThread "Attach Listener" daemon [_thread_blocked, id=6716, stack(0x0000000019210000,0x0000000019310000)]
  0x0000000018d20800 JavaThread "Signal Dispatcher" daemon [_thread_blocked, id=9640, stack(0x0000000019110000,0x0000000019210000)]
  0x0000000002d38800 JavaThread "Finalizer" daemon [_thread_blocked, id=7364, stack(0x0000000018b10000,0x0000000018c10000)]
  0x0000000002d33000 JavaThread "Reference Handler" daemon [_thread_blocked, id=12944, stack(0x0000000018a10000,0x0000000018b10000)]

Other Threads:
  0x0000000017887800 VMThread [stack: 0x0000000018910000,0x0000000018a10000] [id=9508]
  0x0000000018ef4800 WatcherThread [stack: 0x0000000019810000,0x0000000019910000] [id=8916]

VM state:not at safepoint (normal execution)

VM Mutex/Monitor currently owned by a thread: None

Heap:
 PSYoungGen      total 38400K, used 14896K [0x00000000d5b80000, 0x00000000d8600000, 0x0000000100000000)
  eden space 33280K, 44% used [0x00000000d5b80000,0x00000000d6a0c3a8,0x00000000d7c00000)
  from space 5120K, 0% used [0x00000000d8100000,0x00000000d8100000,0x00000000d8600000)
  to   space 5120K, 0% used [0x00000000d7c00000,0x00000000d7c00000,0x00000000d8100000)
 ParOldGen       total 87552K, used 0K [0x0000000081200000, 0x0000000086780000, 0x00000000d5b80000)
  object space 87552K, 0% used [0x0000000081200000,0x0000000081200000,0x0000000086780000)
 Metaspace       used 6952K, capacity 6995K, committed 7168K, reserved 1056768K
  class space    used 652K, capacity 656K, committed 768K, reserved 1048576K

Card table byte_map: [0x0000000012100000,0x0000000012500000] byte_map_base: 0x0000000011cf7000

Marking Bits: (ParMarkBitMap*) 0x0000000072a5c720
 Begin Bits: [0x0000000012bb0000, 0x0000000014b68000)
 End Bits:   [0x0000000014b68000, 0x0000000016b20000)

Polling page: 0x00000000005d0000

CodeCache: size=245760Kb used=2967Kb max_used=2986Kb free=242792Kb
 bounds [0x0000000002d40000, 0x0000000003030000, 0x0000000011d40000]
 total_blobs=1131 nmethods=688 adapters=356
 compilation: enabled

Compilation events (10 events):
Event: 24.088 Thread 0x0000000018dfe800  684   !   4       org.lwjgl.input.Keyboard::isKeyDown (45 bytes)
Event: 24.090 Thread 0x0000000018dfe800 nmethod 684 0x000000000301e050 code [0x000000000301e1a0, 0x000000000301e438]
Event: 32.437 Thread 0x0000000018dfb000  685       4       java.nio.Buffer::nextPutIndex (38 bytes)
Event: 32.437 Thread 0x0000000018dfe800  686       4       java.nio.Buffer::nextGetIndex (38 bytes)
Event: 32.438 Thread 0x0000000018dfb000 nmethod 685 0x0000000003028310 code [0x0000000003028440, 0x00000000030284d8]
Event: 32.438 Thread 0x0000000018dfe800 nmethod 686 0x000000000301de10 code [0x000000000301df40, 0x000000000301dfd8]
Event: 34.870 Thread 0x0000000018dfb000  687       4       java.nio.HeapByteBuffer::put (167 bytes)
Event: 34.874 Thread 0x0000000018dfb000 nmethod 687 0x000000000301d6d0 code [0x000000000301d820, 0x000000000301db18]
Event: 36.490 Thread 0x0000000018e66800  688       3       org.lwjgl.opengl.WindowsKeyboard::isKeyPressed (13 bytes)
Event: 36.490 Thread 0x0000000018e66800 nmethod 688 0x000000000302e650 code [0x000000000302e7a0, 0x000000000302e930]

GC Heap History (0 events):
No events

Deoptimization events (4 events):
Event: 3.875 Thread 0x0000000019e0d000 Uncommon trap: reason=unstable_if action=reinterpret pc=0x0000000002f6f3e8 method=com.limewire.game.Game.render()V @ 152
Event: 3.891 Thread 0x0000000019e0d000 Uncommon trap: reason=unloaded action=reinterpret pc=0x0000000002f695dc method=com.limewire.game.Game.render()V @ 196
Event: 7.807 Thread 0x0000000019e0d000 Uncommon trap: reason=unstable_if action=reinterpret pc=0x0000000002f99568 method=com.limewire.game.Game.render()V @ 278
Event: 7.824 Thread 0x0000000019e0d000 Uncommon trap: reason=unstable_if action=reinterpret pc=0x0000000002f954d4 method=com.limewire.game.Game.render()V @ 278

Internal exceptions (10 events):
Event: 0.331 Thread 0x0000000002c43800 Exception <a 'java/security/PrivilegedActionException'> (0x00000000d5ff5148) thrown at [C:\re\workspace\8-2-build-windows-amd64-cygwin\jdk8u131\8869\hotspot\src\share\vm\prims\jvm.cpp, line 1390]
Event: 0.332 Thread 0x0000000002c43800 Exception <a 'java/security/PrivilegedActionException'> (0x00000000d5ff5358) thrown at [C:\re\workspace\8-2-build-windows-amd64-cygwin\jdk8u131\8869\hotspot\src\share\vm\prims\jvm.cpp, line 1390]
Event: 0.333 Thread 0x0000000002c43800 Exception <a 'java/security/PrivilegedActionException'> (0x00000000d5ff9268) thrown at [C:\re\workspace\8-2-build-windows-amd64-cygwin\jdk8u131\8869\hotspot\src\share\vm\prims\jvm.cpp, line 1390]
Event: 0.333 Thread 0x0000000002c43800 Exception <a 'java/security/PrivilegedActionException'> (0x00000000d5ff9478) thrown at [C:\re\workspace\8-2-build-windows-amd64-cygwin\jdk8u131\8869\hotspot\src\share\vm\prims\jvm.cpp, line 1390]
Event: 0.682 Thread 0x0000000002c43800 Exception <a 'java/security/PrivilegedActionException'> (0x00000000d618bb38) thrown at [C:\re\workspace\8-2-build-windows-amd64-cygwin\jdk8u131\8869\hotspot\src\share\vm\prims\jvm.cpp, line 1390]
Event: 0.683 Thread 0x0000000002c43800 Exception <a 'java/security/PrivilegedActionException'> (0x00000000d618d810) thrown at [C:\re\workspace\8-2-build-windows-amd64-cygwin\jdk8u131\8869\hotspot\src\share\vm\prims\jvm.cpp, line 1390]
Event: 0.683 Thread 0x0000000002c43800 Exception <a 'java/security/PrivilegedActionException'> (0x00000000d618e980) thrown at [C:\re\workspace\8-2-build-windows-amd64-cygwin\jdk8u131\8869\hotspot\src\share\vm\prims\jvm.cpp, line 1390]
Event: 0.683 Thread 0x0000000002c43800 Exception <a 'java/security/PrivilegedActionException'> (0x00000000d6193ec0) thrown at [C:\re\workspace\8-2-build-windows-amd64-cygwin\jdk8u131\8869\hotspot\src\share\vm\prims\jvm.cpp, line 1390]
Event: 0.683 Thread 0x0000000002c43800 Exception <a 'java/security/PrivilegedActionException'> (0x00000000d6194b18) thrown at [C:\re\workspace\8-2-build-windows-amd64-cygwin\jdk8u131\8869\hotspot\src\share\vm\prims\jvm.cpp, line 1390]
Event: 0.683 Thread 0x0000000002c43800 Exception <a 'java/security/PrivilegedActionException'> (0x00000000d6195740) thrown at [C:\re\workspace\8-2-build-windows-amd64-cygwin\jdk8u131\8869\hotspot\src\share\vm\prims\jvm.cpp, line 1390]

Events (10 events):
Event: 7.824 Thread 0x0000000019e0d000 DEOPT PACKING pc=0x0000000002f954d4 sp=0x000000001a94f230
Event: 7.824 Thread 0x0000000019e0d000 DEOPT UNPACKING pc=0x0000000002d8582a sp=0x000000001a94f208 mode 2
Event: 8.723 Thread 0x0000000019e0d000 DEOPT PACKING pc=0x0000000002fdbccc sp=0x000000001a94f0d0
Event: 8.723 Thread 0x0000000019e0d000 DEOPT UNPACKING pc=0x0000000002d8787f sp=0x000000001a94ef70 mode 0
Event: 36.502 loading class com/badlogic/gdx/utils/Array$ArrayIterable
Event: 36.503 loading class com/badlogic/gdx/utils/Array$ArrayIterable done
Event: 36.504 loading class com/badlogic/gdx/utils/Array$ArrayIterator
Event: 36.504 loading class com/badlogic/gdx/utils/Array$ArrayIterator done
Event: 36.505 loading class java/util/NoSuchElementException
Event: 36.505 loading class java/util/NoSuchElementException done


Dynamic libraries:
0x00007ff6bac70000 - 0x00007ff6baca7000 	C:\Program Files\Java\jdk1.8.0_131\bin\java.exe
0x00007ffed8a20000 - 0x00007ffed8c01000 	C:\WINDOWS\SYSTEM32\ntdll.dll
0x00007ffed87b0000 - 0x00007ffed8862000 	C:\WINDOWS\System32\KERNEL32.DLL
0x00007ffed5a90000 - 0x00007ffed5d03000 	C:\WINDOWS\System32\KERNELBASE.dll
0x00007ffed8200000 - 0x00007ffed82a1000 	C:\WINDOWS\System32\ADVAPI32.dll
0x00007ffed88d0000 - 0x00007ffed896e000 	C:\WINDOWS\System32\msvcrt.dll
0x00007ffed60b0000 - 0x00007ffed610b000 	C:\WINDOWS\System32\sechost.dll
0x00007ffed6920000 - 0x00007ffed6a44000 	C:\WINDOWS\System32\RPCRT4.dll
0x00007ffed8620000 - 0x00007ffed87b0000 	C:\WINDOWS\System32\USER32.dll
0x00007ffed5270000 - 0x00007ffed5290000 	C:\WINDOWS\System32\win32u.dll
0x00007ffed82b0000 - 0x00007ffed82d8000 	C:\WINDOWS\System32\GDI32.dll
0x00007ffed5d10000 - 0x00007ffed5ea2000 	C:\WINDOWS\System32\gdi32full.dll
0x00007ffed59a0000 - 0x00007ffed5a3f000 	C:\WINDOWS\System32\msvcp_win.dll
0x00007ffed5170000 - 0x00007ffed526a000 	C:\WINDOWS\System32\ucrtbase.dll
0x00007ffebd9f0000 - 0x00007ffebdc59000 	C:\WINDOWS\WinSxS\amd64_microsoft.windows.common-controls_6595b64144ccf1df_6.0.17134.407_none_fb449d63306391e9\COMCTL32.dll
0x00007ffed6110000 - 0x00007ffed6432000 	C:\WINDOWS\System32\combase.dll
0x00007ffed4df0000 - 0x00007ffed4e6a000 	C:\WINDOWS\System32\bcryptPrimitives.dll
0x00007ffed5fb0000 - 0x00007ffed5fdd000 	C:\WINDOWS\System32\IMM32.DLL
0x0000000072ae0000 - 0x0000000072bb2000 	C:\Program Files\Java\jdk1.8.0_131\jre\bin\msvcr100.dll
0x0000000072240000 - 0x0000000072adc000 	C:\Program Files\Java\jdk1.8.0_131\jre\bin\server\jvm.dll
0x00007ffed6a50000 - 0x00007ffed6a58000 	C:\WINDOWS\System32\PSAPI.DLL
0x00007ffec1370000 - 0x00007ffec1379000 	C:\WINDOWS\SYSTEM32\WSOCK32.dll
0x00007ffed6bf0000 - 0x00007ffed6c5c000 	C:\WINDOWS\System32\WS2_32.dll
0x00007ffec95c0000 - 0x00007ffec95e3000 	C:\WINDOWS\SYSTEM32\WINMM.dll
0x00007ffec1a70000 - 0x00007ffec1a7a000 	C:\WINDOWS\SYSTEM32\VERSION.dll
0x00007ffec9590000 - 0x00007ffec95ba000 	C:\WINDOWS\SYSTEM32\WINMMBASE.dll
0x00007ffed5a40000 - 0x00007ffed5a89000 	C:\WINDOWS\System32\cfgmgr32.dll
0x0000000072230000 - 0x000000007223f000 	C:\Program Files\Java\jdk1.8.0_131\jre\bin\verify.dll
0x0000000072200000 - 0x0000000072229000 	C:\Program Files\Java\jdk1.8.0_131\jre\bin\java.dll
0x00000000721d0000 - 0x00000000721f3000 	C:\Program Files\Java\jdk1.8.0_131\jre\bin\instrument.dll
0x00000000721b0000 - 0x00000000721c6000 	C:\Program Files\Java\jdk1.8.0_131\jre\bin\zip.dll
0x00007ffed6c60000 - 0x00007ffed809f000 	C:\WINDOWS\System32\SHELL32.dll
0x00007ffed8570000 - 0x00007ffed8619000 	C:\WINDOWS\System32\shcore.dll
0x00007ffed5290000 - 0x00007ffed599d000 	C:\WINDOWS\System32\windows.storage.dll
0x00007ffed5eb0000 - 0x00007ffed5f01000 	C:\WINDOWS\System32\shlwapi.dll
0x00007ffed4db0000 - 0x00007ffed4dc1000 	C:\WINDOWS\System32\kernel.appcore.dll
0x00007ffed4dd0000 - 0x00007ffed4def000 	C:\WINDOWS\System32\profapi.dll
0x00007ffed4d40000 - 0x00007ffed4d8c000 	C:\WINDOWS\System32\powrprof.dll
0x00007ffed4d30000 - 0x00007ffed4d3a000 	C:\WINDOWS\System32\FLTLIB.DLL
0x00007ffec9f50000 - 0x00007ffec9f6a000 	C:\Program Files\JetBrains\IntelliJ IDEA 2018.2.6\bin\breakgen64.dll
0x0000000072190000 - 0x00000000721aa000 	C:\Program Files\Java\jdk1.8.0_131\jre\bin\net.dll
0x00007ffed45b0000 - 0x00007ffed4616000 	C:\WINDOWS\system32\mswsock.dll
0x0000000065580000 - 0x0000000065616000 	C:\Users\JYH\AppData\Local\Temp\libgdxJYH\40f0d13c\gdx64.dll
0x00007ffed4760000 - 0x00007ffed4777000 	C:\WINDOWS\SYSTEM32\CRYPTSP.dll
0x00007ffed4130000 - 0x00007ffed4163000 	C:\WINDOWS\system32\rsaenh.dll
0x00007ffed4890000 - 0x00007ffed48b5000 	C:\WINDOWS\SYSTEM32\bcrypt.dll
0x00007ffed4c60000 - 0x00007ffed4c88000 	C:\WINDOWS\SYSTEM32\USERENV.dll
0x00007ffed4780000 - 0x00007ffed478b000 	C:\WINDOWS\SYSTEM32\CRYPTBASE.dll
0x00007ffed4330000 - 0x00007ffed4368000 	C:\WINDOWS\SYSTEM32\IPHLPAPI.DLL
0x00007ffed6890000 - 0x00007ffed6898000 	C:\WINDOWS\System32\NSI.dll
0x00007ffecc4f0000 - 0x00007ffecc506000 	C:\WINDOWS\SYSTEM32\dhcpcsvc6.DLL
0x00007ffecd550000 - 0x00007ffecd56a000 	C:\WINDOWS\SYSTEM32\dhcpcsvc.DLL
0x0000000072170000 - 0x0000000072181000 	C:\Program Files\Java\jdk1.8.0_131\jre\bin\nio.dll
0x0000000180000000 - 0x0000000180053000 	C:\Users\JYH\AppData\Local\Temp\libgdxJYH\dc0f0009\lwjgl64.dll
0x00007ffeacbd0000 - 0x00007ffeaccf0000 	C:\WINDOWS\SYSTEM32\OPENGL32.dll
0x00007ffeacdb0000 - 0x00007ffeacddc000 	C:\WINDOWS\SYSTEM32\GLU32.dll
0x0000000019910000 - 0x0000000019974000 	C:\Users\JYH\AppData\Local\Temp\libgdxJYH\dc0f0009\OpenAL64.dll
0x00007ffed80a0000 - 0x00007ffed81f1000 	C:\WINDOWS\System32\ole32.dll
0x00007ffed33b0000 - 0x00007ffed3448000 	C:\WINDOWS\system32\uxtheme.dll
0x00007ffed5f10000 - 0x00007ffed5fb0000 	C:\WINDOWS\System32\clbcatq.dll
0x00007ffed0f10000 - 0x00007ffed10c4000 	C:\WINDOWS\System32\PROPSYS.dll
0x00007ffed5fe0000 - 0x00007ffed60a2000 	C:\WINDOWS\System32\OLEAUT32.dll
0x00007ffea46d0000 - 0x00007ffea475f000 	C:\WINDOWS\SYSTEM32\dsound.dll
0x00007ffecc740000 - 0x00007ffecc7b6000 	C:\WINDOWS\System32\MMDevApi.dll
0x00007ffed4b40000 - 0x00007ffed4b67000 	C:\WINDOWS\System32\DEVOBJ.dll
0x00007ffebe5c0000 - 0x00007ffebe6ec000 	C:\WINDOWS\SYSTEM32\AUDIOSES.DLL
0x00007ffed1370000 - 0x00007ffed14bd000 	C:\WINDOWS\SYSTEM32\wintypes.dll
0x00007ffed00f0000 - 0x00007ffed00fa000 	C:\WINDOWS\SYSTEM32\AVRT.dll
0x00007ffed6a60000 - 0x00007ffed6bd3000 	C:\WINDOWS\System32\MSCTF.dll
0x00007ffed3480000 - 0x00007ffed34a9000 	C:\WINDOWS\system32\dwmapi.dll
0x00007ffe9fe70000 - 0x00007ffea0d25000 	C:\WINDOWS\System32\DriverStore\FileRepository\64gh6136.inf_amd64_06bcc783578fcc06\ig9icd64.dll
0x00007ffed3af0000 - 0x00007ffed3bab000 	C:\WINDOWS\SYSTEM32\dxgi.dll
0x00007ffeccec0000 - 0x00007ffeccf56000 	C:\WINDOWS\System32\TextInputFramework.dll
0x00007ffec8ae0000 - 0x00007ffec8dfe000 	C:\WINDOWS\System32\CoreUIComponents.dll
0x00007ffed2980000 - 0x00007ffed2a5a000 	C:\WINDOWS\System32\CoreMessaging.dll
0x00007ffed3e20000 - 0x00007ffed3e51000 	C:\WINDOWS\SYSTEM32\ntmarta.dll
0x00007ffec3ca0000 - 0x00007ffec3d0b000 	C:\WINDOWS\system32\Oleacc.dll
0x00007ffebe2d0000 - 0x00007ffebe378000 	C:\WINDOWS\SYSTEM32\mscms.dll
0x00007ffecfa70000 - 0x00007ffecfa80000 	C:\WINDOWS\SYSTEM32\ColorAdapterClient.dll
0x00007ffea9200000 - 0x00007ffea9243000 	C:\WINDOWS\SYSTEM32\icm32.dll
0x00007ffec3ee0000 - 0x00007ffec5d10000 	C:\WINDOWS\System32\DriverStore\FileRepository\64gh6136.inf_amd64_06bcc783578fcc06\igc64.dll
0x00007ffeac240000 - 0x00007ffeac424000 	C:\WINDOWS\system32\sogoutsf.ime
0x00007ffec8830000 - 0x00007ffec8837000 	C:\WINDOWS\system32\MSIMG32.dll
0x00007ffea4960000 - 0x00007ffea51b7000 	C:\WINDOWS\system32\SogouPy.ime
0x00007ffed0d40000 - 0x00007ffed0e1c000 	C:\WINDOWS\SYSTEM32\WINHTTP.dll
0x0000000026d00000 - 0x0000000026de4000 	C:\Program Files (x86)\SogouInput\8.9.0.2180\Resource.dll
0x00007ffea9f90000 - 0x00007ffeaa1f7000 	C:\Program Files (x86)\SogouInput\Components\PicFace\1.1.0.1819\PicFace64.dll
0x00007ffed8480000 - 0x00007ffed856d000 	C:\WINDOWS\System32\COMDLG32.dll
0x00007ffed0920000 - 0x00007ffed0ae9000 	C:\WINDOWS\SYSTEM32\dbghelp.dll

VM Arguments:
jvm_args: -javaagent:C:\Program Files\JetBrains\IntelliJ IDEA 2018.2.6\lib\idea_rt.jar=62050:C:\Program Files\JetBrains\IntelliJ IDEA 2018.2.6\bin -Dfile.encoding=UTF-8 
java_command: com.limewire.game.desktop.DesktopLauncher
java_class_path (initial): C:\Program Files\Java\jdk1.8.0_131\jre\lib\charsets.jar;C:\Program Files\Java\jdk1.8.0_131\jre\lib\deploy.jar;C:\Program Files\Java\jdk1.8.0_131\jre\lib\ext\access-bridge-64.jar;C:\Program Files\Java\jdk1.8.0_131\jre\lib\ext\cldrdata.jar;C:\Program Files\Java\jdk1.8.0_131\jre\lib\ext\dnsns.jar;C:\Program Files\Java\jdk1.8.0_131\jre\lib\ext\jaccess.jar;C:\Program Files\Java\jdk1.8.0_131\jre\lib\ext\jfxrt.jar;C:\Program Files\Java\jdk1.8.0_131\jre\lib\ext\localedata.jar;C:\Program Files\Java\jdk1.8.0_131\jre\lib\ext\nashorn.jar;C:\Program Files\Java\jdk1.8.0_131\jre\lib\ext\sunec.jar;C:\Program Files\Java\jdk1.8.0_131\jre\lib\ext\sunjce_provider.jar;C:\Program Files\Java\jdk1.8.0_131\jre\lib\ext\sunmscapi.jar;C:\Program Files\Java\jdk1.8.0_131\jre\lib\ext\sunpkcs11.jar;C:\Program Files\Java\jdk1.8.0_131\jre\lib\ext\zipfs.jar;C:\Program Files\Java\jdk1.8.0_131\jre\lib\javaws.jar;C:\Program Files\Java\jdk1.8.0_131\jre\lib\jce.jar;C:\Program Files\Java\jdk1.8.0_131\jre\lib\jfr.jar;C:\Program Files\Java\jdk1.8.0_131\jre\lib\jfxswt.jar;C:\Program Files\Java\jdk1.8.0_131\jre\lib\jsse.jar;C:\Program Files\Java\jdk1.8.0_131\jre\lib\management-agent.jar;C:\Program Files\Java\jdk1.8.0_131\jre\lib\plugin.jar;C:\Program Files\Java\jdk1.8.0_131\jre\lib\resources.jar;C:\Program Files\Java\jdk1.8.0_131\jre\lib\rt.jar;C:\Evie.Q\SEPR\Repo\LimeWire-SEPR\Game\desktop\out\production\classes;C:\Evie.Q\SEPR\Repo\LimeWire-SEPR\Game\core\out\production\classes;C:\Users\JYH\.gradle\caches\modules-2\files-2.1\com.badlogicgames.gdx\gdx\1.6.1\bb5fe9832bcfe4bbc1de6bd357085b8a2a845d9c\gdx-1.6.1.jar;C:\Users\JYH\.gradle\caches\modules-2\files-2.1\com.badlogicgames.gdx\gdx-box2d\1.6.1\54d45169ae4f97d6ae4fe9daed87d80eea700f67\gdx-box2d-1.6.1.jar;C:\Users\JYH\.gradle\caches\modules-2\files-2.1\com.badlogicgames.gdx\gdx-backend-lwjgl\1.6.1\e3208559223c991f1db7220d5ddf3e5a12e5528f\gdx-backend-lwjgl-1.6.1.jar;C:\Users\JYH\.gradle\caches\modules-2\files-2.1\com.badlogicgames.g
Launcher Type: SUN_STANDARD

Environment Variables:
PATH=C:\WINDOWS\system32;C:\WINDOWS;C:\WINDOWS\System32\Wbem;C:\WINDOWS\System32\WindowsPowerShell\v1.0\;C:\Program Files\dotnet\;C:\Program Files\Microsoft SQL Server\130\Tools\Binn\;C:\WINDOWS\System32\OpenSSH\;C:\Program Files\Git\cmd;C:\Users\JYH\AppData\Local\Microsoft\WindowsApps;C:\Users\JYH\AppData\Local\GitHubDesktop\bin
USERNAME=JYH
OS=Windows_NT
PROCESSOR_IDENTIFIER=Intel64 Family 6 Model 78 Stepping 3, GenuineIntel



---------------  S Y S T E M  ---------------

OS: Windows 10.0 , 64 bit Build 17134 (10.0.17134.1)

CPU:total 4 (initial active 4) (2 cores per cpu, 2 threads per core) family 6 model 78 stepping 3, cmov, cx8, fxsr, mmx, sse, sse2, sse3, ssse3, sse4.1, sse4.2, popcnt, avx, avx2, aes, clmul, erms, rtm, 3dnowpref, lzcnt, ht, tsc, tscinvbit, bmi1, bmi2, adx

Memory: 4k page, physical 8312096k(3125660k free), swap 9622816k(3174912k free)

vm_info: Java HotSpot(TM) 64-Bit Server VM (25.131-b11) for windows-amd64 JRE (1.8.0_131-b11), built on Mar 15 2017 01:23:53 by "java_re" with MS VC++ 10.0 (VS2010)

time: Fri Nov 30 10:40:01 2018
elapsed time: 39 seconds (0d 0h 0m 39s)

